Using pre-set license
Built from '2021.3/staging' branch; Version is '2021.3.4f1 (cb45f9cae8b7) revision 13321721'; Using compiler version '192829333'; Build Type 'Release'
OS: 'Windows 10  (10.0.19042) 64bit Enterprise' Language: 'en' Physical Memory: 14188 MB
BatchMode: 1, IsHumanControllingUs: 0, StartBugReporterOnCrash: 0, Is64bit: 1, IsPro: 1

COMMAND LINE ARGUMENTS:
C:\Program Files\Unity\Hub\Editor\2021.3.4f1\Editor\Unity.exe
-adb2
-batchMode
-noUpm
-name
AssetImportWorker0
-projectPath
D:/Unity_game_prodgects/RobotEvolutionProject/Unity_RobotEvolution_2/RobotEvolution_2/RobotEvolution_2
-logFile
Logs/AssetImportWorker0.log
-srvPort
59829
Successfully changed project path to: D:/Unity_game_prodgects/RobotEvolutionProject/Unity_RobotEvolution_2/RobotEvolution_2/RobotEvolution_2
D:/Unity_game_prodgects/RobotEvolutionProject/Unity_RobotEvolution_2/RobotEvolution_2/RobotEvolution_2
[UnityMemory] Configuration Parameters - Can be set up in boot.config
    "memorysetup-bucket-allocator-granularity=16"
    "memorysetup-bucket-allocator-bucket-count=8"
    "memorysetup-bucket-allocator-block-size=33554432"
    "memorysetup-bucket-allocator-block-count=8"
    "memorysetup-main-allocator-block-size=16777216"
    "memorysetup-thread-allocator-block-size=16777216"
    "memorysetup-gfx-main-allocator-block-size=16777216"
    "memorysetup-gfx-thread-allocator-block-size=16777216"
    "memorysetup-cache-allocator-block-size=4194304"
    "memorysetup-typetree-allocator-block-size=2097152"
    "memorysetup-profiler-bucket-allocator-granularity=16"
    "memorysetup-profiler-bucket-allocator-bucket-count=8"
    "memorysetup-profiler-bucket-allocator-block-size=33554432"
    "memorysetup-profiler-bucket-allocator-block-count=8"
    "memorysetup-profiler-allocator-block-size=16777216"
    "memorysetup-profiler-editor-allocator-block-size=1048576"
    "memorysetup-temp-allocator-size-main=16777216"
    "memorysetup-job-temp-allocator-block-size=2097152"
    "memorysetup-job-temp-allocator-block-size-background=1048576"
    "memorysetup-job-temp-allocator-reduction-small-platforms=262144"
    "memorysetup-temp-allocator-size-background-worker=32768"
    "memorysetup-temp-allocator-size-job-worker=262144"
    "memorysetup-temp-allocator-size-preload-manager=33554432"
    "memorysetup-temp-allocator-size-nav-mesh-worker=65536"
    "memorysetup-temp-allocator-size-audio-worker=65536"
    "memorysetup-temp-allocator-size-cloud-worker=32768"
    "memorysetup-temp-allocator-size-gi-baking-worker=262144"
    "memorysetup-temp-allocator-size-gfx=262144"
Refreshing native plugins compatible for Editor in 95.90 ms, found 5 plugins.
Preloading 0 native plugins for Editor in 0.00 ms.
Initialize engine version: 2021.3.4f1 (cb45f9cae8b7)
[Subsystems] Discovering subsystems at path C:/Program Files/Unity/Hub/Editor/2021.3.4f1/Editor/Data/Resources/UnitySubsystems
[Subsystems] Discovering subsystems at path D:/Unity_game_prodgects/RobotEvolutionProject/Unity_RobotEvolution_2/RobotEvolution_2/RobotEvolution_2/Assets
GfxDevice: creating device client; threaded=0; jobified=0
Direct3D:
    Version:  Direct3D 11.0 [level 11.1]
    Renderer: NVIDIA GeForce RTX 3050 Laptop GPU (ID=0x25a2)
    Vendor:   NVIDIA
    VRAM:     3993 MB
    Driver:   31.0.15.1640
Initialize mono
Mono path[0] = 'C:/Program Files/Unity/Hub/Editor/2021.3.4f1/Editor/Data/Managed'
Mono path[1] = 'C:/Program Files/Unity/Hub/Editor/2021.3.4f1/Editor/Data/MonoBleedingEdge/lib/mono/unityjit-win32'
Mono config path = 'C:/Program Files/Unity/Hub/Editor/2021.3.4f1/Editor/Data/MonoBleedingEdge/etc'
Using monoOptions --debugger-agent=transport=dt_socket,embedding=1,server=y,suspend=n,address=127.0.0.1:56128
Begin MonoManager ReloadAssembly
Registering precompiled unity dll's ...
Register platform support module: C:/Program Files/Unity/Hub/Editor/2021.3.4f1/Editor/Data/PlaybackEngines/AndroidPlayer/UnityEditor.Android.Extensions.dll
Register platform support module: C:/Program Files/Unity/Hub/Editor/2021.3.4f1/Editor/Data/PlaybackEngines/iOSSupport/UnityEditor.iOS.Extensions.dll
Register platform support module: C:/Program Files/Unity/Hub/Editor/2021.3.4f1/Editor/Data/PlaybackEngines/WindowsStandaloneSupport/UnityEditor.WindowsStandalone.Extensions.dll
Registered in 0.010139 seconds.
Native extension for WindowsStandalone target not found
[usbmuxd] Start listen thread
[usbmuxd] Listen thread started
Native extension for iOS target not found
Native extension for Android target not found
Refreshing native plugins compatible for Editor in 85.77 ms, found 5 plugins.
Preloading 0 native plugins for Editor in 0.00 ms.
Mono: successfully reloaded assembly
- Completed reload, in  0.625 seconds
Domain Reload Profiling:
	ReloadAssembly (625ms)
		BeginReloadAssembly (76ms)
			ExecutionOrderSort (0ms)
			DisableScriptedObjects (0ms)
			BackupInstance (0ms)
			ReleaseScriptingObjects (0ms)
			CreateAndSetChildDomain (1ms)
		EndReloadAssembly (441ms)
			LoadAssemblies (74ms)
			RebuildTransferFunctionScriptingTraits (0ms)
			SetupTypeCache (92ms)
			ReleaseScriptCaches (0ms)
			RebuildScriptCaches (22ms)
			SetupLoadedEditorAssemblies (280ms)
				LogAssemblyErrors (0ms)
				InitializePlatformSupportModulesInManaged (66ms)
				SetLoadedEditorAssemblies (0ms)
				RefreshPlugins (86ms)
				BeforeProcessingInitializeOnLoad (2ms)
				ProcessInitializeOnLoadAttributes (85ms)
				ProcessInitializeOnLoadMethodAttributes (41ms)
				AfterProcessingInitializeOnLoad (0ms)
				EditorAssembliesLoaded (0ms)
			ExecutionOrderSort2 (0ms)
			AwakeInstancesAfterBackupRestoration (0ms)
Platform modules already initialized, skipping
Registering precompiled user dll's ...
Registered in 0.004318 seconds.
Begin MonoManager ReloadAssembly
Symbol file LoadedFromMemory doesn't match image D:\Unity_game_prodgects\RobotEvolutionProject\Unity_RobotEvolution_2\RobotEvolution_2\RobotEvolution_2\Library\PackageCache\com.unity.visualscripting@1.7.8\Editor\VisualScripting.Core\Dependencies\YamlDotNet\Unity.VisualScripting.YamlDotNet.dll
Symbol file LoadedFromMemory doesn't match image D:\Unity_game_prodgects\RobotEvolutionProject\Unity_RobotEvolution_2\RobotEvolution_2\RobotEvolution_2\Library\PackageCache\com.unity.visualscripting@1.7.8\Editor\VisualScripting.Core\Dependencies\DotNetZip\Unity.VisualScripting.IonicZip.dll
Native extension for WindowsStandalone target not found
Native extension for iOS target not found
Native extension for Android target not found
Refreshing native plugins compatible for Editor in 0.96 ms, found 5 plugins.
Preloading 0 native plugins for Editor in 0.00 ms.
Mono: successfully reloaded assembly
Package Manager log level set to [2]
- Completed reload, in  1.123 seconds
Domain Reload Profiling:
	ReloadAssembly (1124ms)
		BeginReloadAssembly (222ms)
			ExecutionOrderSort (0ms)
			DisableScriptedObjects (5ms)
			BackupInstance (0ms)
			ReleaseScriptingObjects (0ms)
			CreateAndSetChildDomain (132ms)
		EndReloadAssembly (797ms)
			LoadAssemblies (95ms)
			RebuildTransferFunctionScriptingTraits (0ms)
			SetupTypeCache (206ms)
			ReleaseScriptCaches (1ms)
			RebuildScriptCaches (56ms)
			SetupLoadedEditorAssemblies (412ms)
				LogAssemblyErrors (0ms)
				InitializePlatformSupportModulesInManaged (24ms)
				SetLoadedEditorAssemblies (0ms)
				RefreshPlugins (1ms)
				BeforeProcessingInitializeOnLoad (97ms)
				ProcessInitializeOnLoadAttributes (257ms)
				ProcessInitializeOnLoadMethodAttributes (24ms)
				AfterProcessingInitializeOnLoad (8ms)
				EditorAssembliesLoaded (0ms)
			ExecutionOrderSort2 (0ms)
			AwakeInstancesAfterBackupRestoration (5ms)
Platform modules already initialized, skipping
========================================================================
Worker process is ready to serve import requests
Launched and connected shader compiler UnityShaderCompiler.exe after 0.04 seconds
Refreshing native plugins compatible for Editor in 1.89 ms, found 5 plugins.
Preloading 0 native plugins for Editor in 0.00 ms.
Unloading 4481 Unused Serialized files (Serialized files now loaded: 0)
Unloading 70 unused Assets / (1.4 MB). Loaded Objects now: 4939.
Memory consumption went from 186.8 MB to 185.3 MB.
Total: 5.000400 ms (FindLiveObjects: 0.485400 ms CreateObjectMapping: 0.354500 ms MarkObjects: 3.656500 ms  DeleteObjects: 0.502100 ms)

AssetImportParameters requested are different than current active one (requested -> active):
  custom:video-decoder-ogg-theora: a1e56fd34408186e4bbccfd4996cb3dc -> 
  custom:container-muxer-webm: aa71ff27fc2769a1b78a27578f13a17b -> 
  custom:container-demuxer-webm: 4f35f7cbe854078d1ac9338744f61a02 -> 
  custom:video-encoder-webm-vp8: eb34c28f22e8b96e1ab97ce403110664 -> 
  custom:audio-encoder-webm-vorbis: bf7c407c2cedff20999df2af8eb42d56 -> 
  custom:framework-win-MediaFoundation: 216162199b28c13a410421893ffa2e32 -> 
  custom:container-demuxer-ogg: 62fdf1f143b41e24485cea50d1cbac27 -> 
  custom:video-decoder-webm-vp8: 9c59270c3fd7afecdb556c50c9e8de78 -> 
  custom:audio-decoder-ogg-vorbis: bf7c407c2cedff20999df2af8eb42d56 -> 
========================================================================
Received Import Request.
  Time since last request: 219029.820013 seconds.
  path: Assets/RobotEvolution/Anim/New Animation.anim
  artifactKey: Guid(54151812530438a459807200756b9195) Importer(2089858483,0ecaa5967403d082aa24f35e1b516d23)
Start importing Assets/RobotEvolution/Anim/New Animation.anim using Guid(54151812530438a459807200756b9195) Importer(2089858483,0ecaa5967403d082aa24f35e1b516d23) Generated GUIDs only implemented for interfaces!
 -> (artifact id: '5d6def8eda165b2d239704b1e5295b59') in 0.113993 seconds 
========================================================================
Received Import Request.
  Time since last request: 0.000032 seconds.
  path: Assets/RobotEvolution/Prefabs/Characters/_Scripts/SearchAims/CharactersAims.cs
  artifactKey: Guid(f4bbac50ccc6cab4abf93346fbd606ef) Importer(2089858483,0ecaa5967403d082aa24f35e1b516d23)
Start importing Assets/RobotEvolution/Prefabs/Characters/_Scripts/SearchAims/CharactersAims.cs using Guid(f4bbac50ccc6cab4abf93346fbd606ef) Importer(2089858483,0ecaa5967403d082aa24f35e1b516d23) Generated GUIDs only implemented for interfaces!
 -> (artifact id: 'b894f7b8cf851998d16dbb0bb52efb43') in 0.008738 seconds 
========================================================================
Received Import Request.
  Time since last request: 0.000049 seconds.
  path: Assets/RobotEvolution/Anim/Animations/2_3_SpiderBotPanzer/2_3_SpiderBotPanzer_Shot.anim
  artifactKey: Guid(57dc28dd0cff49c46ad6f8454816ec37) Importer(2089858483,0ecaa5967403d082aa24f35e1b516d23)
Start importing Assets/RobotEvolution/Anim/Animations/2_3_SpiderBotPanzer/2_3_SpiderBotPanzer_Shot.anim using Guid(57dc28dd0cff49c46ad6f8454816ec37) Importer(2089858483,0ecaa5967403d082aa24f35e1b516d23) Generated GUIDs only implemented for interfaces!
 -> (artifact id: 'a93131cac949a6b5e12e78578462edcc') in 0.010549 seconds 
========================================================================
Received Import Request.
  Time since last request: 0.000029 seconds.
  path: Assets/RobotEvolution/Prefabs/Stuff/Veapon/_Scripts/VeaponTypeControllers
  artifactKey: Guid(dd0f2e9a17d475d46a1485a53f10f215) Importer(2089858483,0ecaa5967403d082aa24f35e1b516d23)
Start importing Assets/RobotEvolution/Prefabs/Stuff/Veapon/_Scripts/VeaponTypeControllers using Guid(dd0f2e9a17d475d46a1485a53f10f215) Importer(2089858483,0ecaa5967403d082aa24f35e1b516d23) Generated GUIDs only implemented for interfaces!
 -> (artifact id: '9b2d382a854b955785e5bc8ee36382df') in 0.006630 seconds 
========================================================================
Received Import Request.
  Time since last request: 0.000031 seconds.
  path: Assets/RobotEvolution/Prefabs/UI/_Scripts/ApprovelWordsFields.cs
  artifactKey: Guid(35c0808791922fa428c58968681677a5) Importer(2089858483,0ecaa5967403d082aa24f35e1b516d23)
Start importing Assets/RobotEvolution/Prefabs/UI/_Scripts/ApprovelWordsFields.cs using Guid(35c0808791922fa428c58968681677a5) Importer(2089858483,0ecaa5967403d082aa24f35e1b516d23) Generated GUIDs only implemented for interfaces!
 -> (artifact id: 'a846dd510285d92ca227d699f3528ea7') in 0.005577 seconds 
========================================================================
Received Import Request.
  Time since last request: 0.000058 seconds.
  path: Assets/RobotEvolution/Camera/_Scripts/PlayerThirViewCamera.cs
  artifactKey: Guid(542a4de31a5ddc74fad94de38b8b480b) Importer(2089858483,0ecaa5967403d082aa24f35e1b516d23)
Start importing Assets/RobotEvolution/Camera/_Scripts/PlayerThirViewCamera.cs using Guid(542a4de31a5ddc74fad94de38b8b480b) Importer(2089858483,0ecaa5967403d082aa24f35e1b516d23) Generated GUIDs only implemented for interfaces!
 -> (artifact id: '512d0c9d86785532ed9ffa086f0ead7a') in 0.005135 seconds 
========================================================================
Received Import Request.
  Time since last request: 0.000033 seconds.
  path: Assets/_Pacage/Characters/2_1_SpiderBot_Crab/2_1_SpiderBotCrab_2.fbx
  artifactKey: Guid(238b90a0e8813fe4ab491670432707e9) Importer(2089858483,0ecaa5967403d082aa24f35e1b516d23)
Start importing Assets/_Pacage/Characters/2_1_SpiderBot_Crab/2_1_SpiderBotCrab_2.fbx using Guid(238b90a0e8813fe4ab491670432707e9) Importer(2089858483,0ecaa5967403d082aa24f35e1b516d23) Generated GUIDs only implemented for interfaces!
 -> (artifact id: 'b9e1a8aecefbc8326ec7357b4c32577b') in 0.170104 seconds 
========================================================================
Received Import Request.
  Time since last request: 0.000071 seconds.
  path: Assets/RobotEvolution/Prefabs/Characters/Bot/SimpleBot/Prefab/SimpleBot.prefab
  artifactKey: Guid(e47ef5c53ead5f64bb41d67519b0dc0e) Importer(2089858483,0ecaa5967403d082aa24f35e1b516d23)
Start importing Assets/RobotEvolution/Prefabs/Characters/Bot/SimpleBot/Prefab/SimpleBot.prefab using Guid(e47ef5c53ead5f64bb41d67519b0dc0e) Importer(2089858483,0ecaa5967403d082aa24f35e1b516d23) Generated GUIDs only implemented for interfaces!
 -> (artifact id: 'ea71dc21266f9d8f1c4cfecf0bea4483') in 0.150975 seconds 
========================================================================
Received Import Request.
  Time since last request: 0.000034 seconds.
  path: Assets/RobotEvolution/Prefabs/Stuff/Veapon/Cannon/SpiderBotPanzer
  artifactKey: Guid(89a07731c8281ab48898654add9e781a) Importer(2089858483,0ecaa5967403d082aa24f35e1b516d23)
Start importing Assets/RobotEvolution/Prefabs/Stuff/Veapon/Cannon/SpiderBotPanzer using Guid(89a07731c8281ab48898654add9e781a) Importer(2089858483,0ecaa5967403d082aa24f35e1b516d23) Generated GUIDs only implemented for interfaces!
 -> (artifact id: '221531dae18ece28d5727ad19fa5ad4c') in 0.006181 seconds 
========================================================================
Received Import Request.
  Time since last request: 0.000061 seconds.
  path: Assets/RobotEvolution/Prefabs/GameMaps/Prefab/MapPlane.prefab
  artifactKey: Guid(036642f52b4a511428fea3ebe1883c6f) Importer(815301076,1909f56bfc062723c751e8b465ee728b)
Start importing Assets/RobotEvolution/Prefabs/GameMaps/Prefab/MapPlane.prefab using Guid(036642f52b4a511428fea3ebe1883c6f) Importer(815301076,1909f56bfc062723c751e8b465ee728b)  -> (artifact id: 'b4b438071edf923c35561959cd5055cd') in 0.100844 seconds 
========================================================================
Received Import Request.
  Time since last request: 0.000042 seconds.
  path: Assets/_Pacage/Characters
  artifactKey: Guid(ddd4b17ca4de13044aa6edabdae5ffca) Importer(2089858483,0ecaa5967403d082aa24f35e1b516d23)
Start importing Assets/_Pacage/Characters using Guid(ddd4b17ca4de13044aa6edabdae5ffca) Importer(2089858483,0ecaa5967403d082aa24f35e1b516d23) Generated GUIDs only implemented for interfaces!
 -> (artifact id: '270c7ebf208b0c6ea7296ca96f020ced') in 0.004336 seconds 
========================================================================
Received Import Request.
  Time since last request: 0.000040 seconds.
  path: Assets/RobotEvolution/Prefabs/VisualEffects/IndicateArrow/Prefab/IndicateArrowSprite.prefab
  artifactKey: Guid(b7fa21bf8980d5e40b240653b6bae1bc) Importer(2089858483,0ecaa5967403d082aa24f35e1b516d23)
Start importing Assets/RobotEvolution/Prefabs/VisualEffects/IndicateArrow/Prefab/IndicateArrowSprite.prefab using Guid(b7fa21bf8980d5e40b240653b6bae1bc) Importer(2089858483,0ecaa5967403d082aa24f35e1b516d23) Generated GUIDs only implemented for interfaces!
 -> (artifact id: 'ac0f29f74b36c653926bb6b9265c63cd') in 0.024877 seconds 
========================================================================
Received Import Request.
  Time since last request: 0.000027 seconds.
  path: Assets/_Pacage/Characters/2_1_SpiderBot_Crab
  artifactKey: Guid(902355a6741e43a4ba831683b24ce190) Importer(2089858483,0ecaa5967403d082aa24f35e1b516d23)
Start importing Assets/_Pacage/Characters/2_1_SpiderBot_Crab using Guid(902355a6741e43a4ba831683b24ce190) Importer(2089858483,0ecaa5967403d082aa24f35e1b516d23) Generated GUIDs only implemented for interfaces!
 -> (artifact id: '490359a2b39fb67d707a66ca52cc4016') in 0.008479 seconds 
========================================================================
Received Import Request.
  Time since last request: 0.000030 seconds.
  path: Assets/RobotEvolution/Prefabs/Stuff/_Scripts/IAddScore.cs
  artifactKey: Guid(80c7dde217365a649af7f9d5327913ef) Importer(815301076,1909f56bfc062723c751e8b465ee728b)
Start importing Assets/RobotEvolution/Prefabs/Stuff/_Scripts/IAddScore.cs using Guid(80c7dde217365a649af7f9d5327913ef) Importer(815301076,1909f56bfc062723c751e8b465ee728b)  -> (artifact id: '1413c9d26be490cbab187d7c756700e2') in 0.002210 seconds 
========================================================================
Received Import Request.
  Time since last request: 0.000067 seconds.
  path: Assets/RobotEvolution/Prefabs/Characters/Player/Prefab/Player.prefab
  artifactKey: Guid(f48c1f6d5677e414bad7741d65d3a4fd) Importer(815301076,1909f56bfc062723c751e8b465ee728b)
Start importing Assets/RobotEvolution/Prefabs/Characters/Player/Prefab/Player.prefab using Guid(f48c1f6d5677e414bad7741d65d3a4fd) Importer(815301076,1909f56bfc062723c751e8b465ee728b)  -> (artifact id: '39d5b692842f70017fcb56b00aeed36b') in 0.067049 seconds 
========================================================================
Received Import Request.
  Time since last request: 0.000035 seconds.
  path: Assets/RobotEvolution/Prefabs/Characters/_Scripts/SetupModelStateDataSo/SetupNavMesAgenID.cs
  artifactKey: Guid(6160eba46dac9674a9d9417dd8fa7b73) Importer(2089858483,0ecaa5967403d082aa24f35e1b516d23)
Start importing Assets/RobotEvolution/Prefabs/Characters/_Scripts/SetupModelStateDataSo/SetupNavMesAgenID.cs using Guid(6160eba46dac9674a9d9417dd8fa7b73) Importer(2089858483,0ecaa5967403d082aa24f35e1b516d23) Generated GUIDs only implemented for interfaces!
 -> (artifact id: '3c5388018477498f05aa5426287c9ea5') in 0.006603 seconds 
========================================================================
Received Import Request.
  Time since last request: 0.000036 seconds.
  path: Assets/RobotEvolution/Materials/PanzerShell.mat
  artifactKey: Guid(935e085d7a07d3f4fbaca5e8726d8b4d) Importer(2089858483,0ecaa5967403d082aa24f35e1b516d23)
Start importing Assets/RobotEvolution/Materials/PanzerShell.mat using Guid(935e085d7a07d3f4fbaca5e8726d8b4d) Importer(2089858483,0ecaa5967403d082aa24f35e1b516d23) Generated GUIDs only implemented for interfaces!
 -> (artifact id: 'caa43c23d79cee862272d8e655ff0f5b') in 0.012446 seconds 
========================================================================
Received Import Request.
  Time since last request: 0.000041 seconds.
  path: Assets/RobotEvolution/Prefabs/Characters/Prefab/2_3_SpiderBot_Panzer/Texture_2_3_SpiderBotPanzer.jpg
  artifactKey: Guid(8d1ef053c1c5a4b41847d209c0d43fb2) Importer(2089858483,0ecaa5967403d082aa24f35e1b516d23)
Start importing Assets/RobotEvolution/Prefabs/Characters/Prefab/2_3_SpiderBot_Panzer/Texture_2_3_SpiderBotPanzer.jpg using Guid(8d1ef053c1c5a4b41847d209c0d43fb2) Importer(2089858483,0ecaa5967403d082aa24f35e1b516d23) Generated GUIDs only implemented for interfaces!
 -> (artifact id: '79305eef5f466638675fb21e1fc224ae') in 0.105097 seconds 
========================================================================
Received Import Request.
  Time since last request: 0.000044 seconds.
  path: Assets/RobotEvolution/Prefabs/Characters/Prefab/3_3_HumanBotDestroyer/Universal_Camouflage_Pattern_(UCP).jpg
  artifactKey: Guid(46e4d212f6bc8f6438e13a43f2e974e3) Importer(2089858483,0ecaa5967403d082aa24f35e1b516d23)
Start importing Assets/RobotEvolution/Prefabs/Characters/Prefab/3_3_HumanBotDestroyer/Universal_Camouflage_Pattern_(UCP).jpg using Guid(46e4d212f6bc8f6438e13a43f2e974e3) Importer(2089858483,0ecaa5967403d082aa24f35e1b516d23) Generated GUIDs only implemented for interfaces!
 -> (artifact id: '213ca3d3678746a785af44dc172b59f6') in 0.024396 seconds 
========================================================================
Received Import Request.
  Time since last request: 0.000063 seconds.
  path: Assets/RobotEvolution/Prefabs/Characters/Prefab/2_3_SpiderBot_Panzer/2_3_SpiderBotPanzer.mat
  artifactKey: Guid(7b91a0fc7d9cf53468ac629fab7ed3e4) Importer(2089858483,0ecaa5967403d082aa24f35e1b516d23)
Start importing Assets/RobotEvolution/Prefabs/Characters/Prefab/2_3_SpiderBot_Panzer/2_3_SpiderBotPanzer.mat using Guid(7b91a0fc7d9cf53468ac629fab7ed3e4) Importer(2089858483,0ecaa5967403d082aa24f35e1b516d23) Generated GUIDs only implemented for interfaces!
 -> (artifact id: 'b23865a70e45be86b87badec06670a25') in 0.044456 seconds 
========================================================================
Received Import Request.
  Time since last request: 0.000031 seconds.
  path: Assets/RobotEvolution/Resources/ScriptableObj/CommonCharacterData/StuffScoreDataSO.asset
  artifactKey: Guid(7e526073440f622479fd2da259eb68cb) Importer(2089858483,0ecaa5967403d082aa24f35e1b516d23)
Start importing Assets/RobotEvolution/Resources/ScriptableObj/CommonCharacterData/StuffScoreDataSO.asset using Guid(7e526073440f622479fd2da259eb68cb) Importer(2089858483,0ecaa5967403d082aa24f35e1b516d23) Generated GUIDs only implemented for interfaces!
 -> (artifact id: 'c491e93a33e535952d0c1629178107a1') in 0.007660 seconds 
========================================================================
Received Import Request.
  Time since last request: 0.000030 seconds.
  path: Assets/_Pacage/Characters/3_3_HumanBotDestroyer/3_3_HumanBot_1.fbx
  artifactKey: Guid(b0e3e8e69ce2b5947bf2f5c02d63bac8) Importer(2089858483,0ecaa5967403d082aa24f35e1b516d23)
Start importing Assets/_Pacage/Characters/3_3_HumanBotDestroyer/3_3_HumanBot_1.fbx using Guid(b0e3e8e69ce2b5947bf2f5c02d63bac8) Importer(2089858483,0ecaa5967403d082aa24f35e1b516d23) Generated GUIDs only implemented for interfaces!
 -> (artifact id: 'f1eb42a2f9e8e1637a03b4e2554381ff') in 0.123944 seconds 
========================================================================
Received Import Request.
  Time since last request: 0.000112 seconds.
  path: Assets/_Pacage/Characters/1_1_WheeledBot/1_1_WheelBot_13_StartDrive_Drive_Idle_Shot.fbx
  artifactKey: Guid(f294f19d85648cb40b0d63212a5e2973) Importer(2089858483,0ecaa5967403d082aa24f35e1b516d23)
Start importing Assets/_Pacage/Characters/1_1_WheeledBot/1_1_WheelBot_13_StartDrive_Drive_Idle_Shot.fbx using Guid(f294f19d85648cb40b0d63212a5e2973) Importer(2089858483,0ecaa5967403d082aa24f35e1b516d23) Generated GUIDs only implemented for interfaces!
 -> (artifact id: '67f288e57361784a71bf39c0f6d04998') in 0.294742 seconds 
========================================================================
Received Import Request.
  Time since last request: 0.000063 seconds.
  path: Assets/RobotEvolution/Prefabs/Characters/_Scripts/AbsCharacter.cs
  artifactKey: Guid(4012d9619fef9f04eb01626aa7365faa) Importer(2089858483,0ecaa5967403d082aa24f35e1b516d23)
Start importing Assets/RobotEvolution/Prefabs/Characters/_Scripts/AbsCharacter.cs using Guid(4012d9619fef9f04eb01626aa7365faa) Importer(2089858483,0ecaa5967403d082aa24f35e1b516d23) Generated GUIDs only implemented for interfaces!
 -> (artifact id: 'edccbb909761d15032f4887fc104d9d2') in 0.005155 seconds 
========================================================================
Received Import Request.
  Time since last request: 0.000029 seconds.
  path: Assets/RobotEvolution/Anim/Animations/2_3_SpiderBotPanzer/2_3_SpiderBotPanzer_Run.anim
  artifactKey: Guid(419db039883a4644f99a860966780c52) Importer(2089858483,0ecaa5967403d082aa24f35e1b516d23)
Start importing Assets/RobotEvolution/Anim/Animations/2_3_SpiderBotPanzer/2_3_SpiderBotPanzer_Run.anim using Guid(419db039883a4644f99a860966780c52) Importer(2089858483,0ecaa5967403d082aa24f35e1b516d23) Generated GUIDs only implemented for interfaces!
 -> (artifact id: '8344817209942c9c2086e01172889a6b') in 0.014404 seconds 
========================================================================
Received Import Request.
  Time since last request: 0.000027 seconds.
  path: Assets/RobotEvolution/Prefabs/Characters/Prefab/2_3_SpiderBot_Panzer
  artifactKey: Guid(ca066b32fb26ac34fa9a50535ba2e395) Importer(2089858483,0ecaa5967403d082aa24f35e1b516d23)
Start importing Assets/RobotEvolution/Prefabs/Characters/Prefab/2_3_SpiderBot_Panzer using Guid(ca066b32fb26ac34fa9a50535ba2e395) Importer(2089858483,0ecaa5967403d082aa24f35e1b516d23) Generated GUIDs only implemented for interfaces!
 -> (artifact id: '4e244f8b0d866c6416745090db1d42d3') in 0.005300 seconds 
========================================================================
Received Import Request.
  Time since last request: 0.000046 seconds.
  path: Assets/_Pacage/Stuff/GearModel.fbx
  artifactKey: Guid(52e4490affe9a864e99979275ec1569e) Importer(2089858483,0ecaa5967403d082aa24f35e1b516d23)
Start importing Assets/_Pacage/Stuff/GearModel.fbx using Guid(52e4490affe9a864e99979275ec1569e) Importer(2089858483,0ecaa5967403d082aa24f35e1b516d23) Generated GUIDs only implemented for interfaces!
 -> (artifact id: '4e138c9466246b4fd1772e0183c3b22d') in 0.026866 seconds 
========================================================================
Received Import Request.
  Time since last request: 0.000043 seconds.
  path: Assets/_Pacage/Characters/1_1_WheeledBot
  artifactKey: Guid(18a704399717a07429df88a4f924d4dc) Importer(2089858483,0ecaa5967403d082aa24f35e1b516d23)
Start importing Assets/_Pacage/Characters/1_1_WheeledBot using Guid(18a704399717a07429df88a4f924d4dc) Importer(2089858483,0ecaa5967403d082aa24f35e1b516d23) Generated GUIDs only implemented for interfaces!
 -> (artifact id: '840f9753c960a61054e8cba5fa7e574f') in 0.005418 seconds 
========================================================================
Received Import Request.
  Time since last request: 0.000023 seconds.
  path: Assets/RobotEvolution/Anim/Animations/2_1_SpiderBotCrab
  artifactKey: Guid(fad5ccc56d06fa74aa4a019f58a0d686) Importer(2089858483,0ecaa5967403d082aa24f35e1b516d23)
Start importing Assets/RobotEvolution/Anim/Animations/2_1_SpiderBotCrab using Guid(fad5ccc56d06fa74aa4a019f58a0d686) Importer(2089858483,0ecaa5967403d082aa24f35e1b516d23) Generated GUIDs only implemented for interfaces!
 -> (artifact id: 'ff5542e16464748131f868c2a1508765') in 0.004692 seconds 
========================================================================
Received Import Request.
  Time since last request: 0.000025 seconds.
  path: Assets/RobotEvolution/Prefabs/Stuff/Veapon/_Scripts/VeaponsSetuper/SetupPanzerVeaponCannon.cs
  artifactKey: Guid(a199dbdfb867a3f4fa5fb39b6b8f07c0) Importer(2089858483,0ecaa5967403d082aa24f35e1b516d23)
Start importing Assets/RobotEvolution/Prefabs/Stuff/Veapon/_Scripts/VeaponsSetuper/SetupPanzerVeaponCannon.cs using Guid(a199dbdfb867a3f4fa5fb39b6b8f07c0) Importer(2089858483,0ecaa5967403d082aa24f35e1b516d23) Generated GUIDs only implemented for interfaces!
 -> (artifact id: '9d709006506acb90c0341c787c9f86d1') in 0.006556 seconds 
========================================================================
Received Import Request.
  Time since last request: 0.000032 seconds.
  path: Assets/RobotEvolution/Anim/Animations/3_3_HumanBotDestroyer/3_3_HumanBotDestroyer_Run.anim
  artifactKey: Guid(e4f9163cfafc0f546ba13673949da9f2) Importer(2089858483,0ecaa5967403d082aa24f35e1b516d23)
Start importing Assets/RobotEvolution/Anim/Animations/3_3_HumanBotDestroyer/3_3_HumanBotDestroyer_Run.anim using Guid(e4f9163cfafc0f546ba13673949da9f2) Importer(2089858483,0ecaa5967403d082aa24f35e1b516d23) Generated GUIDs only implemented for interfaces!
 -> (artifact id: '7aa5d6f74e87abc14f182d45bd0ab8b7') in 0.044300 seconds 
========================================================================
Received Import Request.
  Time since last request: 0.000028 seconds.
  path: Assets/RobotEvolution/Camera/_Scripts/CameraController.cs
  artifactKey: Guid(d59d61f49f4f82f4087bfd49a6674fdd) Importer(2089858483,0ecaa5967403d082aa24f35e1b516d23)
Start importing Assets/RobotEvolution/Camera/_Scripts/CameraController.cs using Guid(d59d61f49f4f82f4087bfd49a6674fdd) Importer(2089858483,0ecaa5967403d082aa24f35e1b516d23) Generated GUIDs only implemented for interfaces!
 -> (artifact id: '8ca068b83b6848ac95202db85ac9c647') in 0.005236 seconds 
========================================================================
Received Import Request.
  Time since last request: 0.000052 seconds.
  path: Assets/RobotEvolution/Prefabs/Stuff/Veapon/Cannon/_Scripts/AbsShellCannon.cs
  artifactKey: Guid(b0684955b8389c34ea74fc0660e99391) Importer(2089858483,0ecaa5967403d082aa24f35e1b516d23)
Start importing Assets/RobotEvolution/Prefabs/Stuff/Veapon/Cannon/_Scripts/AbsShellCannon.cs using Guid(b0684955b8389c34ea74fc0660e99391) Importer(2089858483,0ecaa5967403d082aa24f35e1b516d23) Generated GUIDs only implemented for interfaces!
 -> (artifact id: '984331135eeb8e54974ebf59849e7de8') in 0.005958 seconds 
========================================================================
Received Import Request.
  Time since last request: 0.000063 seconds.
  path: Assets/RobotEvolution/Prefabs/Stuff/Veapon/Cannon/SpiderBotPanzer/_Scripts/PanzerShellCannon.cs
  artifactKey: Guid(9f15a99909b006641a6d11bf26e62ffa) Importer(2089858483,0ecaa5967403d082aa24f35e1b516d23)
Start importing Assets/RobotEvolution/Prefabs/Stuff/Veapon/Cannon/SpiderBotPanzer/_Scripts/PanzerShellCannon.cs using Guid(9f15a99909b006641a6d11bf26e62ffa) Importer(2089858483,0ecaa5967403d082aa24f35e1b516d23) Generated GUIDs only implemented for interfaces!
 -> (artifact id: 'd699497b1b5df9ef6cdb68bc03eb6eda') in 0.005806 seconds 
========================================================================
Received Import Request.
  Time since last request: 0.000030 seconds.
  path: Assets/RobotEvolution/Anim/Animations/2_1_SpiderBotCrab/2_1_SpiderBotCrab_Run.anim
  artifactKey: Guid(9b8bc8781d68929409e4d59712907dd0) Importer(2089858483,0ecaa5967403d082aa24f35e1b516d23)
Start importing Assets/RobotEvolution/Anim/Animations/2_1_SpiderBotCrab/2_1_SpiderBotCrab_Run.anim using Guid(9b8bc8781d68929409e4d59712907dd0) Importer(2089858483,0ecaa5967403d082aa24f35e1b516d23) Generated GUIDs only implemented for interfaces!
 -> (artifact id: '03ede6f3dfc987d2d92d9e7116b2256d') in 0.025302 seconds 
========================================================================
Received Import Request.
  Time since last request: 0.000027 seconds.
  path: Assets/RobotEvolution/Prefabs/Stuff/Battery/Prefab/Battery.prefab
  artifactKey: Guid(bd6f0377b7ef80e4cafbf9cf6a61b8db) Importer(2089858483,0ecaa5967403d082aa24f35e1b516d23)
Start importing Assets/RobotEvolution/Prefabs/Stuff/Battery/Prefab/Battery.prefab using Guid(bd6f0377b7ef80e4cafbf9cf6a61b8db) Importer(2089858483,0ecaa5967403d082aa24f35e1b516d23) Generated GUIDs only implemented for interfaces!
 -> (artifact id: '1165e2667e707b6772f5d7a1b8bec4c9') in 0.008468 seconds 
========================================================================
Received Import Request.
  Time since last request: 0.000027 seconds.
  path: Assets/RobotEvolution/Resources/ScriptableObj/_Scripts/VeaponDataSO.cs
  artifactKey: Guid(f5b69bef47391354bb88e2f8aa4b0e27) Importer(2089858483,0ecaa5967403d082aa24f35e1b516d23)
Start importing Assets/RobotEvolution/Resources/ScriptableObj/_Scripts/VeaponDataSO.cs using Guid(f5b69bef47391354bb88e2f8aa4b0e27) Importer(2089858483,0ecaa5967403d082aa24f35e1b516d23) Generated GUIDs only implemented for interfaces!
 -> (artifact id: 'd0c009e1487e51975b03835da3937143') in 0.006495 seconds 
========================================================================
Received Import Request.
  Time since last request: 0.000030 seconds.
  path: Assets/_Pacage/Characters/3_3_HumanBotDestroyer
  artifactKey: Guid(733a91a8aa1f173418401669df97f626) Importer(2089858483,0ecaa5967403d082aa24f35e1b516d23)
Start importing Assets/_Pacage/Characters/3_3_HumanBotDestroyer using Guid(733a91a8aa1f173418401669df97f626) Importer(2089858483,0ecaa5967403d082aa24f35e1b516d23) Generated GUIDs only implemented for interfaces!
 -> (artifact id: '24bd522ac5fd3d6fb3a5f7fe89e01130') in 0.003729 seconds 
========================================================================
Received Import Request.
  Time since last request: 0.000024 seconds.
  path: Assets/RobotEvolution/Prefabs/Stuff/Veapon/_Scripts/VeaponsType/Player/PlayerVeaponBigBlaze.cs
  artifactKey: Guid(9032a1b438d4a644f96ee32d57b4e0cf) Importer(2089858483,0ecaa5967403d082aa24f35e1b516d23)
Start importing Assets/RobotEvolution/Prefabs/Stuff/Veapon/_Scripts/VeaponsType/Player/PlayerVeaponBigBlaze.cs using Guid(9032a1b438d4a644f96ee32d57b4e0cf) Importer(2089858483,0ecaa5967403d082aa24f35e1b516d23) Generated GUIDs only implemented for interfaces!
 -> (artifact id: '81d0553c78b2978a57b1b5f7b273cbaf') in 0.005835 seconds 
========================================================================
Received Import Request.
  Time since last request: 14.341249 seconds.
  path: Assets/RobotEvolution/Anim/Animations/2_3_SpiderBotPanzer
  artifactKey: Guid(1e275330eb4096040a72af3fb993c40d) Importer(815301076,1909f56bfc062723c751e8b465ee728b)
Start importing Assets/RobotEvolution/Anim/Animations/2_3_SpiderBotPanzer using Guid(1e275330eb4096040a72af3fb993c40d) Importer(815301076,1909f56bfc062723c751e8b465ee728b)  -> (artifact id: '129397baa3c58170ba29a22f52c7df69') in 0.001456 seconds 
========================================================================
Received Import Request.
  Time since last request: 0.000027 seconds.
  path: Assets/RobotEvolution/Prefabs/Stuff/Veapon/_Scripts/VeaponsType/Player/PlayerVeaponPanzerCannon.cs
  artifactKey: Guid(8b475194f8d0a424a891b0714c142c9d) Importer(815301076,1909f56bfc062723c751e8b465ee728b)
Start importing Assets/RobotEvolution/Prefabs/Stuff/Veapon/_Scripts/VeaponsType/Player/PlayerVeaponPanzerCannon.cs using Guid(8b475194f8d0a424a891b0714c142c9d) Importer(815301076,1909f56bfc062723c751e8b465ee728b)  -> (artifact id: '5e62707d6a4aa58bdacf531c4f83bb16') in 0.002453 seconds 
========================================================================
Received Import Request.
  Time since last request: 0.000032 seconds.
  path: Assets/RobotEvolution/Prefabs/Stuff/Veapon/_Scripts/VeaponsType/Bot/VeaponPanzerCannon.cs
  artifactKey: Guid(bba9b89df12966c4c85efe44db518458) Importer(815301076,1909f56bfc062723c751e8b465ee728b)
Start importing Assets/RobotEvolution/Prefabs/Stuff/Veapon/_Scripts/VeaponsType/Bot/VeaponPanzerCannon.cs using Guid(bba9b89df12966c4c85efe44db518458) Importer(815301076,1909f56bfc062723c751e8b465ee728b)  -> (artifact id: '5b769e39a1f255a84f1486c402390e73') in 0.001611 seconds 
========================================================================
Received Import Request.
  Time since last request: 0.000032 seconds.
  path: Assets/_Pacage/Characters/2_3_SpiderBot_Panzer
  artifactKey: Guid(f655e3a8eb6a3634d98abf08e18dc340) Importer(815301076,1909f56bfc062723c751e8b465ee728b)
Start importing Assets/_Pacage/Characters/2_3_SpiderBot_Panzer using Guid(f655e3a8eb6a3634d98abf08e18dc340) Importer(815301076,1909f56bfc062723c751e8b465ee728b)  -> (artifact id: '01c7c348147f6568c2bb3a6544ce7411') in 0.001268 seconds 
========================================================================
Received Prepare
Refreshing native plugins compatible for Editor in 11.43 ms, found 5 plugins.
Preloading 0 native plugins for Editor in 0.00 ms.
Unloading 52 Unused Serialized files (Serialized files now loaded: 0)
Unloading 55 unused Assets / (1.4 MB). Loaded Objects now: 4949.
Memory consumption went from 96.5 MB to 95.1 MB.
Total: 7.303300 ms (FindLiveObjects: 0.594200 ms CreateObjectMapping: 0.437700 ms MarkObjects: 5.528000 ms  DeleteObjects: 0.742000 ms)

AssetImportParameters requested are different than current active one (requested -> active):
  custom:video-decoder-ogg-theora: a1e56fd34408186e4bbccfd4996cb3dc -> 
  custom:container-muxer-webm: aa71ff27fc2769a1b78a27578f13a17b -> 
  custom:container-demuxer-webm: 4f35f7cbe854078d1ac9338744f61a02 -> 
  custom:video-encoder-webm-vp8: eb34c28f22e8b96e1ab97ce403110664 -> 
  custom:audio-encoder-webm-vorbis: bf7c407c2cedff20999df2af8eb42d56 -> 
  custom:framework-win-MediaFoundation: 216162199b28c13a410421893ffa2e32 -> 
  custom:SearchIndexIgnoredProperties: e643bd26f0fe6173181afceb89e7c659 -> 
  custom:container-demuxer-ogg: 62fdf1f143b41e24485cea50d1cbac27 -> 
  custom:video-decoder-webm-vp8: 9c59270c3fd7afecdb556c50c9e8de78 -> 
  custom:audio-decoder-ogg-vorbis: bf7c407c2cedff20999df2af8eb42d56 -> 
Editor requested this worker to shutdown with reason: Scaling down because of idle timeout
AssetImportWorker is now disconnected from the server
Process exiting
Exiting without the bug reporter. Application will terminate with return code 0